# JRE version: Java(TM) SE Runtime Environment (8.0_144-b01) (build 1.8.0_144-b01)
# Java VM: Java HotSpot(TM) 64-Bit Server VM (25.144-b01 mixed mode windows-amd64 compressed oops)
Heap:
 PSYoungGen      total 257536K, used 26099K [0x00000000eb400000, 0x0000000100000000, 0x0000000100000000)
  eden space 231424K, 0% used [0x00000000eb400000,0x00000000eb400000,0x00000000f9600000)
  from space 26112K, 99% used [0x00000000fe680000,0x00000000ffffced8,0x0000000100000000)
  to   space 54272K, 0% used [0x00000000f9600000,0x00000000f9600000,0x00000000fcb00000)
 ParOldGen       total 112640K, used 111889K [0x00000000c1c00000, 0x00000000c8a00000, 0x00000000eb400000)
  object space 112640K, 99% used [0x00000000c1c00000,0x00000000c8944408,0x00000000c8a00000)
 Metaspace       used 35111K, capacity 35908K, committed 35968K, reserved 1081344K
  class space    used 3983K, capacity 4167K, committed 4224K, reserved 1048576K
GC Heap History (10 events):
Event: 10.404 GC heap after
Heap after GC invocations=16 (full 2):
 PSYoungGen      total 317440K, used 10882K [0x00000000eb400000, 0x00000000ffd80000, 0x0000000100000000)
  eden space 300544K, 0% used [0x00000000eb400000,0x00000000eb400000,0x00000000fd980000)
  from space 16896K, 64% used [0x00000000fed00000,0x00000000ff7a0bb0,0x00000000ffd80000)
  to   space 18432K, 0% used [0x00000000fd980000,0x00000000fd980000,0x00000000feb80000)
 ParOldGen       total 84992K, used 30180K [0x00000000c1c00000, 0x00000000c6f00000, 0x00000000eb400000)
  object space 84992K, 35% used [0x00000000c1c00000,0x00000000c39791a0,0x00000000c6f00000)
 Metaspace       used 29326K, capacity 29870K, committed 30208K, reserved 1075200K
  class space    used 3601K, capacity 3739K, committed 3840K, reserved 1048576K
}
Event: 19.095 GC heap before
{Heap before GC invocations=17 (full 2):
 PSYoungGen      total 317440K, used 311426K [0x00000000eb400000, 0x00000000ffd80000, 0x0000000100000000)
  eden space 300544K, 100% used [0x00000000eb400000,0x00000000fd980000,0x00000000fd980000)
  from space 16896K, 64% used [0x00000000fed00000,0x00000000ff7a0bb0,0x00000000ffd80000)
  to   space 18432K, 0% used [0x00000000fd980000,0x00000000fd980000,0x00000000feb80000)
 ParOldGen       total 84992K, used 30180K [0x00000000c1c00000, 0x00000000c6f00000, 0x00000000eb400000)
  object space 84992K, 35% used [0x00000000c1c00000,0x00000000c39791a0,0x00000000c6f00000)
 Metaspace       used 31485K, capacity 32120K, committed 32384K, reserved 1077248K
  class space    used 3766K, capacity 3922K, committed 3968K, reserved 1048576K
Event: 19.126 GC heap after
Heap after GC invocations=17 (full 2):
 PSYoungGen      total 318976K, used 18413K [0x00000000eb400000, 0x0000000100000000, 0x0000000100000000)
  eden space 300544K, 0% used [0x00000000eb400000,0x00000000eb400000,0x00000000fd980000)
  from space 18432K, 99% used [0x00000000fd980000,0x00000000feb7b728,0x00000000feb80000)
  to   space 20992K, 0% used [0x00000000feb80000,0x00000000feb80000,0x0000000100000000)
 ParOldGen       total 84992K, used 30948K [0x00000000c1c00000, 0x00000000c6f00000, 0x00000000eb400000)
  object space 84992K, 36% used [0x00000000c1c00000,0x00000000c3a39248,0x00000000c6f00000)
 Metaspace       used 31485K, capacity 32120K, committed 32384K, reserved 1077248K
  class space    used 3766K, capacity 3922K, committed 3968K, reserved 1048576K
}
Event: 21.447 GC heap before
{Heap before GC invocations=18 (full 2):
 PSYoungGen      total 318976K, used 318850K [0x00000000eb400000, 0x0000000100000000, 0x0000000100000000)
  eden space 300544K, 99% used [0x00000000eb400000,0x00000000fd9654d0,0x00000000fd980000)
  from space 18432K, 99% used [0x00000000fd980000,0x00000000feb7b728,0x00000000feb80000)
  to   space 20992K, 0% used [0x00000000feb80000,0x00000000feb80000,0x0000000100000000)
 ParOldGen       total 84992K, used 30948K [0x00000000c1c00000, 0x00000000c6f00000, 0x00000000eb400000)
  object space 84992K, 36% used [0x00000000c1c00000,0x00000000c3a39248,0x00000000c6f00000)
 Metaspace       used 34848K, capacity 35628K, committed 35712K, reserved 1081344K
  class space    used 3980K, capacity 4163K, committed 4224K, reserved 1048576K
Event: 21.474 GC heap after
Heap after GC invocations=18 (full 2):
 PSYoungGen      total 310784K, used 20974K [0x00000000eb400000, 0x0000000100000000, 0x0000000100000000)
  eden space 289792K, 0% used [0x00000000eb400000,0x00000000eb400000,0x00000000fcf00000)
  from space 20992K, 99% used [0x00000000feb80000,0x00000000ffffb9b8,0x0000000100000000)
  to   space 25088K, 0% used [0x00000000fcf00000,0x00000000fcf00000,0x00000000fe780000)
 ParOldGen       total 84992K, used 35304K [0x00000000c1c00000, 0x00000000c6f00000, 0x00000000eb400000)
  object space 84992K, 41% used [0x00000000c1c00000,0x00000000c3e7a0e8,0x00000000c6f00000)
 Metaspace       used 34848K, capacity 35628K, committed 35712K, reserved 1081344K
  class space    used 3980K, capacity 4163K, committed 4224K, reserved 1048576K
}
Event: 23.144 GC heap before
{Heap before GC invocations=19 (full 2):
 PSYoungGen      total 310784K, used 310766K [0x00000000eb400000, 0x0000000100000000, 0x0000000100000000)
  eden space 289792K, 100% used [0x00000000eb400000,0x00000000fcf00000,0x00000000fcf00000)
  from space 20992K, 99% used [0x00000000feb80000,0x00000000ffffb9b8,0x0000000100000000)
  to   space 25088K, 0% used [0x00000000fcf00000,0x00000000fcf00000,0x00000000fe780000)
 ParOldGen       total 84992K, used 35304K [0x00000000c1c00000, 0x00000000c6f00000, 0x00000000eb400000)
  object space 84992K, 41% used [0x00000000c1c00000,0x00000000c3e7a0e8,0x00000000c6f00000)
 Metaspace       used 35065K, capacity 35838K, committed 35968K, reserved 1081344K
  class space    used 3982K, capacity 4166K, committed 4224K, reserved 1048576K
Event: 23.181 GC heap after
Heap after GC invocations=19 (full 2):
 PSYoungGen      total 309248K, used 19434K [0x00000000eb400000, 0x0000000100000000, 0x0000000100000000)
  eden space 289792K, 0% used [0x00000000eb400000,0x00000000eb400000,0x00000000fcf00000)
  from space 19456K, 99% used [0x00000000fcf00000,0x00000000fe1faba0,0x00000000fe200000)
  to   space 26112K, 0% used [0x00000000fe680000,0x00000000fe680000,0x0000000100000000)
 ParOldGen       total 84992K, used 44103K [0x00000000c1c00000, 0x00000000c6f00000, 0x00000000eb400000)
  object space 84992K, 51% used [0x00000000c1c00000,0x00000000c4711ca0,0x00000000c6f00000)
 Metaspace       used 35065K, capacity 35838K, committed 35968K, reserved 1081344K
  class space    used 3982K, capacity 4166K, committed 4224K, reserved 1048576K
}
Event: 24.282 GC heap before
{Heap before GC invocations=20 (full 2):
 PSYoungGen      total 309248K, used 309226K [0x00000000eb400000, 0x0000000100000000, 0x0000000100000000)
  eden space 289792K, 100% used [0x00000000eb400000,0x00000000fcf00000,0x00000000fcf00000)
  from space 19456K, 99% used [0x00000000fcf00000,0x00000000fe1faba0,0x00000000fe200000)
  to   space 26112K, 0% used [0x00000000fe680000,0x00000000fe680000,0x0000000100000000)
 ParOldGen       total 84992K, used 44103K [0x00000000c1c00000, 0x00000000c6f00000, 0x00000000eb400000)
  object space 84992K, 51% used [0x00000000c1c00000,0x00000000c4711ca0,0x00000000c6f00000)
 Metaspace       used 35111K, capacity 35908K, committed 35968K, reserved 1081344K
  class space    used 3983K, capacity 4167K, committed 4224K, reserved 1048576K
Event: 24.379 GC heap after
Heap after GC invocations=20 (full 2):
 PSYoungGen      total 257536K, used 26099K [0x00000000eb400000, 0x0000000100000000, 0x0000000100000000)
  eden space 231424K, 0% used [0x00000000eb400000,0x00000000eb400000,0x00000000f9600000)
  from space 26112K, 99% used [0x00000000fe680000,0x00000000ffffced8,0x0000000100000000)
  to   space 54272K, 0% used [0x00000000f9600000,0x00000000f9600000,0x00000000fcb00000)
 ParOldGen       total 112640K, used 111889K [0x00000000c1c00000, 0x00000000c8a00000, 0x00000000eb400000)
  object space 112640K, 99% used [0x00000000c1c00000,0x00000000c8944408,0x00000000c8a00000)
 Metaspace       used 35111K, capacity 35908K, committed 35968K, reserved 1081344K
  class space    used 3983K, capacity 4167K, committed 4224K, reserved 1048576K
}
Event: 24.379 GC heap before
{Heap before GC invocations=21 (full 3):
 PSYoungGen      total 257536K, used 26099K [0x00000000eb400000, 0x0000000100000000, 0x0000000100000000)
  eden space 231424K, 0% used [0x00000000eb400000,0x00000000eb400000,0x00000000f9600000)
  from space 26112K, 99% used [0x00000000fe680000,0x00000000ffffced8,0x0000000100000000)
  to   space 54272K, 0% used [0x00000000f9600000,0x00000000f9600000,0x00000000fcb00000)
 ParOldGen       total 112640K, used 111889K [0x00000000c1c00000, 0x00000000c8a00000, 0x00000000eb400000)
  object space 112640K, 99% used [0x00000000c1c00000,0x00000000c8944408,0x00000000c8a00000)
 Metaspace       used 35111K, capacity 35908K, committed 35968K, reserved 1081344K
  class space    used 3983K, capacity 4167K, committed 4224K, reserved 1048576K

